0 info it worked if it ends with ok
1 verbose cli [ '/usr/local/Cellar/node@6/6.9.2/bin/node',
1 verbose cli   '/usr/local/bin/npm',
1 verbose cli   'start' ]
2 info using npm@3.10.10
3 info using node@v6.9.2
4 verbose run-script [ 'prestart', 'start', 'poststart' ]
5 info lifecycle es6-modules@1.0.0~prestart: es6-modules@1.0.0
6 silly lifecycle es6-modules@1.0.0~prestart: no script for prestart, continuing
7 info lifecycle es6-modules@1.0.0~start: es6-modules@1.0.0
8 verbose lifecycle es6-modules@1.0.0~start: unsafe-perm in lifecycle true
9 verbose lifecycle es6-modules@1.0.0~start: PATH: /usr/local/lib/node_modules/npm/bin/node-gyp-bin:/Users/abrahamSam/Documents/Development/my-git-hub/ES-6-play/es6-modules/node_modules/.bin:/usr/local/Cellar/node@6/6.9.2/bin:/usr/local/bin:/usr/bin:/bin:/usr/sbin:/sbin
10 verbose lifecycle es6-modules@1.0.0~start: CWD: /Users/abrahamSam/Documents/Development/my-git-hub/ES-6-play/es6-modules
11 silly lifecycle es6-modules@1.0.0~start: Args: [ '-c',
11 silly lifecycle   'browserify ./es6/main.js -o ./es5/bundle.js -t [ babelify] --logs' ]
12 silly lifecycle es6-modules@1.0.0~start: Returned: code: 1  signal: null
13 info lifecycle es6-modules@1.0.0~start: Failed to exec start script
14 verbose stack Error: es6-modules@1.0.0 start: `browserify ./es6/main.js -o ./es5/bundle.js -t [ babelify] --logs`
14 verbose stack Exit status 1
14 verbose stack     at EventEmitter.<anonymous> (/usr/local/lib/node_modules/npm/lib/utils/lifecycle.js:255:16)
14 verbose stack     at emitTwo (events.js:106:13)
14 verbose stack     at EventEmitter.emit (events.js:191:7)
14 verbose stack     at ChildProcess.<anonymous> (/usr/local/lib/node_modules/npm/lib/utils/spawn.js:40:14)
14 verbose stack     at emitTwo (events.js:106:13)
14 verbose stack     at ChildProcess.emit (events.js:191:7)
14 verbose stack     at maybeClose (internal/child_process.js:877:16)
14 verbose stack     at Process.ChildProcess._handle.onexit (internal/child_process.js:226:5)
15 verbose pkgid es6-modules@1.0.0
16 verbose cwd /Users/abrahamSam/Documents/Development/my-git-hub/ES-6-play/es6-modules
17 error Darwin 16.3.0
18 error argv "/usr/local/Cellar/node@6/6.9.2/bin/node" "/usr/local/bin/npm" "start"
19 error node v6.9.2
20 error npm  v3.10.10
21 error code ELIFECYCLE
22 error es6-modules@1.0.0 start: `browserify ./es6/main.js -o ./es5/bundle.js -t [ babelify] --logs`
22 error Exit status 1
23 error Failed at the es6-modules@1.0.0 start script 'browserify ./es6/main.js -o ./es5/bundle.js -t [ babelify] --logs'.
23 error Make sure you have the latest version of node.js and npm installed.
23 error If you do, this is most likely a problem with the es6-modules package,
23 error not with npm itself.
23 error Tell the author that this fails on your system:
23 error     browserify ./es6/main.js -o ./es5/bundle.js -t [ babelify] --logs
23 error You can get information on how to open an issue for this project with:
23 error     npm bugs es6-modules
23 error Or if that isn't available, you can get their info via:
23 error     npm owner ls es6-modules
23 error There is likely additional logging output above.
24 verbose exit [ 1, true ]
